FXC : warning X4717: Effects deprecated for D3DCompiler_47
  
  compilation object save succeeded; see C:\Development\MyEngine\DirectX11\External\Library\Engine\debugdraw.cso
FXC : warning X4717: Effects deprecated for D3DCompiler_47
  
  compilation object save succeeded; see C:\Development\MyEngine\DirectX11\External\Library\Engine\DragEffect.cso
FXC : warning X4717: Effects deprecated for D3DCompiler_47
C:\Development\MyEngine\DirectX11\Project\Engine\editor.fx(77,25-41): warning X3203: signed/unsigned mismatch, unsigned assumed
C:\Development\MyEngine\DirectX11\Project\Engine\editor.fx(78,28-44): warning X3203: signed/unsigned mismatch, unsigned assumed
  
  compilation object save succeeded; see C:\Development\MyEngine\DirectX11\External\Library\Engine\editor.cso
FXC : warning X4717: Effects deprecated for D3DCompiler_47
  
  compilation object save succeeded; see C:\Development\MyEngine\DirectX11\External\Library\Engine\register.cso
FXC : warning X4717: Effects deprecated for D3DCompiler_47
  
  compilation object save succeeded; see C:\Development\MyEngine\DirectX11\External\Library\Engine\std2d.cso
FXC : warning X4717: Effects deprecated for D3DCompiler_47
  
  compilation object save succeeded; see C:\Development\MyEngine\DirectX11\External\Library\Engine\test.cso
  pch.cpp
  CCamera.cpp
  CCameraScript.cpp
  CCollider2D.cpp
  CCollisionMgr.cpp
  CComponent.cpp
  CConstBuffer.cpp
  CDevice.cpp
  CDragScript.cpp
  CEngine.cpp
  CEntity.cpp
  CEventMgr.cpp
C:\Development\MyEngine\DirectX11\Project\Engine\CEventMgr.cpp(40,36): warning C4244: '인수': 'DWORD_PTR'에서 'int'(으)로 변환하면서 데이터가 손실될 수 있습니다.
  CGameObject.cpp
  CGraphicsShader.cpp
  CGrid2DScript.cpp
  CKeyMgr.cpp
  CLayer.cpp
  CLevel.cpp
  CLevelMgr.cpp
  CMaterial.cpp
  CMesh.cpp
  코드를 생성하고 있습니다...
  컴파일하고 있습니다...
  CMeshRender.cpp
  CMissileScript.cpp
  CMissileScript2.cpp
  CMonsterScript.cpp
  CMouseScript.cpp
C:\Development\MyEngine\DirectX11\Project\Engine\CMouseScript.cpp(157,8): warning C4804: '<': 연산에 'bool' 형식을 사용하는 것은 안전하지 않습니다.
  CPathMgr.cpp
  CPlayerScript.cpp
  CPrefab.cpp
  CRenderComponent.cpp
  CRenderMgr.cpp
  CRes.cpp
  CResMgr.cpp
  CResMgr_init.cpp
  CScript.cpp
  CSelectUnitScript.cpp
  CShader.cpp
  CTexture.cpp
  CTimeMgr.cpp
  CTransform.cpp
  CUIMgr.cpp
  코드를 생성하고 있습니다...
  컴파일하고 있습니다...
  Engine.cpp
  func.cpp
  QuadNode.cpp
  QuadTree.cpp
  코드를 생성하고 있습니다...
  Engine.vcxproj -> C:\Development\MyEngine\DirectX11\External\Library\Engine\Engine_debug.lib
