c:\development\myengine\directx11\project\engine\x64\debug\engine_debug.pch
c:\development\myengine\directx11\external\library\engine\engine_debug.pdb
c:\development\myengine\directx11\external\library\engine\engine_debug.idb
c:\development\myengine\directx11\project\engine\x64\debug\pch.obj
c:\development\myengine\directx11\project\engine\x64\debug\test.obj
c:\development\myengine\directx11\project\engine\x64\debug\engine.obj
c:\development\myengine\directx11\project\engine\x64\debug\ctimemgr.obj
c:\development\myengine\directx11\project\engine\x64\debug\cpathmgr.obj
c:\development\myengine\directx11\project\engine\x64\debug\clevelmgr.obj
c:\development\myengine\directx11\project\engine\x64\debug\clevel.obj
c:\development\myengine\directx11\project\engine\x64\debug\ckeymgr.obj
c:\development\myengine\directx11\project\engine\x64\debug\centity.obj
c:\development\myengine\directx11\project\engine\x64\debug\cengine.obj
c:\development\myengine\directx11\project\engine\x64\debug\cdevice.obj
c:\development\myengine\directx11\external\library\engine\test.cso
c:\development\myengine\directx11\external\library\engine\engine_debug.lib
c:\development\myengine\directx11\project\engine\x64\debug\engine.tlog\cl.command.1.tlog
c:\development\myengine\directx11\project\engine\x64\debug\engine.tlog\cl.read.1.tlog
c:\development\myengine\directx11\project\engine\x64\debug\engine.tlog\cl.write.1.tlog
c:\development\myengine\directx11\project\engine\x64\debug\engine.tlog\fxc.command.1.tlog
c:\development\myengine\directx11\project\engine\x64\debug\engine.tlog\fxc.read.1.tlog
c:\development\myengine\directx11\project\engine\x64\debug\engine.tlog\fxc.write.1.tlog
c:\development\myengine\directx11\project\engine\x64\debug\engine.tlog\lib-link.read.1.tlog
c:\development\myengine\directx11\project\engine\x64\debug\engine.tlog\lib-link.write.1.tlog
c:\development\myengine\directx11\project\engine\x64\debug\engine.tlog\lib.command.1.tlog
